{
  "python": {
    "status": "failed",
    "output": "",
    "error": "C:\\Users\\Robot1\\AppData\\Local\\Programs\\Python\\Python313\\python.exe: No module named pytest\n"
  },
  "native": {
    "status": "passed",
    "output": "Verbosity level can be increased via `-v, -vv, or -vvv` option\nCollected 1 tests\nPlatform Manager: Installing windows_x86\nDownloading 0% 10%\nUnpacking 0% 10% 20% 30% 40% 50% 60% 70% 80% 90% 100%\nPlatform Manager: windows_x86@1.2.0 has been installed!\n\nProcessing * in native-windows environment\n--------------------------------------------------------------------------------\nBuilding...\nTool Manager: Installing platformio/toolchain-gccmingw32 @ ^1\nDownloading 0% 10% 20% 30% 40% 50% 60% 70% 80% 90% 100%\nUnpacking 0% 10% 20% 30% 40% 50% 60% 70% 80% 90% 100%\nTool Manager: toolchain-gccmingw32@1.50100.0 has been installed!\nLibrary Manager: Installing throwtheswitch/Unity @ ^2.6.0\nUnpacking 0% 10% 20% 30% 40% 50% 60% 70% 80% 90% 100%\nLibrary Manager: Unity@2.6.0 has been installed!\nTesting...\ntest\\test_simple_native.cpp:44: test_native_environment\t[PASSED]\ntest\\test_simple_native.cpp:45: test_math_operations\t[PASSED]\ntest\\test_simple_native.cpp:46: test_string_operations\t[PASSED]\n----------------- native-windows:* [PASSED] Took 30.40 seconds -----------------\n\n=================================== SUMMARY ===================================\nEnvironment     Test    Status    Duration\n--------------  ------  --------  ------------\nnative-windows  *       PASSED    00:00:30.396\n================== 3 test cases: 3 succeeded in 00:00:30.396 ==================\n",
    "error": ""
  },
  "esp32": {
    "status": "failed",
    "output": "Verbosity level can be increased via `-v, -vv, or -vvv` option\nCollected 1 tests\n\nProcessing * in esp32dev environment\n--------------------------------------------------------------------------------\nBuilding & Uploading...\n\n",
    "error": "c:/users/robot1/.platformio/packages/toolchain-xtensa-esp32/bin/../lib/gcc/xtensa-esp32-elf/8.4.0/../../../../xtensa-esp32-elf/bin/ld.exe: .pio/build/esp32dev/libFrameworkArduino.a(main.cpp.o):(.literal._Z8loopTaskPv+0x8): undefined reference to `setup()'\nc:/users/robot1/.platformio/packages/toolchain-xtensa-esp32/bin/../lib/gcc/xtensa-esp32-elf/8.4.0/../../../../xtensa-esp32-elf/bin/ld.exe: .pio/build/esp32dev/libFrameworkArduino.a(main.cpp.o):(.literal._Z8loopTaskPv+0xc): undefined reference to `loop()'\nc:/users/robot1/.platformio/packages/toolchain-xtensa-esp32/bin/../lib/gcc/xtensa-esp32-elf/8.4.0/../../../../xtensa-esp32-elf/bin/ld.exe: .pio/build/esp32dev/libFrameworkArduino.a(main.cpp.o): in function `loopTask(void*)':\nC:/Users/Robot1/.platformio/packages/framework-arduinoespressif32/cores/esp32/main.cpp:42: undefined reference to `setup()'\nc:/users/robot1/.platformio/packages/toolchain-xtensa-esp32/bin/../lib/gcc/xtensa-esp32-elf/8.4.0/../../../../xtensa-esp32-elf/bin/ld.exe: C:/Users/Robot1/.platformio/packages/framework-arduinoespressif32/cores/esp32/main.cpp:48: undefined reference to `loop()'\ncollect2.exe: error: ld returned 1 exit status\n*** [.pio\\build\\esp32dev\\firmware.elf] Error 1\nUploading stage has failed, see errors above. Use `pio test -vvv` option to enable verbose output.\n------------------- esp32dev:* [ERRORED] Took 18.24 seconds -------------------\n=================================== SUMMARY ===================================\nEnvironment    Test    Status    Duration\n-------------  ------  --------  ------------\nesp32dev       *       ERRORED   00:00:18.237\n================== 1 test cases: 0 succeeded in 00:00:18.237 ==================\n"
  },
  "e2e": {
    "status": "failed",
    "output": "",
    "error": "C:\\Users\\Robot1\\AppData\\Local\\Programs\\Python\\Python313\\python.exe: No module named pytest\n"
  },
  "timestamp": "2025-07-07T22:10:34.075421"
}
